<?xml version="1.0" encoding="UTF-8"?>
<!-- Generated by org.testng.reporters.JUnitReportReporter -->
<testsuite hostname="DESKTOP-PPLOR3I" failures="0" tests="1" name="com.pizza.qa.testcases.MyboxStarterpickingPageTest" time="14.922" errors="0" timestamp="30 Sep 2020 06:16:52 GMT" skipped="0">
  <testcase classname="com.pizza.qa.testcases.MyboxStarterpickingPageTest" name="verifyMyboxStarterpickingPageAddtoDealBtnTest" time="14.922"/>
</testsuite> <!-- com.pizza.qa.testcases.MyboxStarterpickingPageTest -->
