<?xml version="1.0" encoding="UTF-8"?>
<!-- Generated by org.testng.reporters.JUnitReportReporter -->
<testsuite hostname="DESKTOP-PPLOR3I" failures="0" tests="1" name="com.pizza.qa.testcases.PlaceOrderSummaryPageTest" time="26.417" errors="0" timestamp="2020-10-10T13:37:44 IST" skipped="0">
  <testcase classname="com.pizza.qa.testcases.PlaceOrderSummaryPageTest" name="verifyPlaceOrderSummaryPage_TakeAwayLoginUserTest" time="26.417"/>
  <system-out/>
</testsuite> <!-- com.pizza.qa.testcases.PlaceOrderSummaryPageTest -->
