<?xml version="1.0" encoding="UTF-8"?>
<!-- Generated by org.testng.reporters.JUnitReportReporter -->
<testsuite hostname="DESKTOP-PPLOR3I" failures="0" tests="4" name="com.pizza.qa.testcases.StartmyorderPageTest" time="40.818" errors="0" timestamp="2020-10-07T12:51:06 IST" skipped="0">
  <testcase classname="com.pizza.qa.testcases.StartmyorderPageTest" name="startmyorderPageTitleTest" time="8.692"/>
  <system-out/>
  <testcase classname="com.pizza.qa.testcases.StartmyorderPageTest" name="pizzaLogoImageTest" time="9.042"/>
  <system-out/>
  <testcase classname="com.pizza.qa.testcases.StartmyorderPageTest" name="StartmyorderTest" time="12.996"/>
  <system-out/>
  <testcase classname="com.pizza.qa.testcases.StartmyorderPageTest" name="ClickOnTakeAway_buttonTest" time="10.088"/>
  <system-out/>
</testsuite> <!-- com.pizza.qa.testcases.StartmyorderPageTest -->
