<?xml version="1.0" encoding="UTF-8"?>
<!-- Generated by org.testng.reporters.JUnitReportReporter -->
<testsuite hostname="DESKTOP-PPLOR3I" failures="0" tests="1" name="com.pizza.qa.testcases.RegisterPageTest" time="18.711" errors="0" timestamp="2020-10-08T14:43:47 IST" skipped="0">
  <testcase classname="com.pizza.qa.testcases.RegisterPageTest" name="verifyclickOnCreateUserBtnTest" time="18.711"/>
  <system-out/>
</testsuite> <!-- com.pizza.qa.testcases.RegisterPageTest -->
