<?xml version="1.0" encoding="UTF-8"?>
<!-- Generated by org.testng.reporters.JUnitReportReporter -->
<testsuite hostname="DESKTOP-PPLOR3I" failures="0" tests="2" name="com.pizza.qa.testcases.AvailablePanPizzaDetailsPageTest" time="28.688" errors="0" timestamp="27 Sep 2020 06:03:01 GMT" skipped="0">
  <testcase classname="com.pizza.qa.testcases.AvailablePanPizzaDetailsPageTest" name="verifyAvailablePanPizzaDetailsPageTitleTest" time="14.564"/>
  <testcase classname="com.pizza.qa.testcases.AvailablePanPizzaDetailsPageTest" name="verifyAvailablePanpizzaAddtoDealBtnTest" time="14.124"/>
</testsuite> <!-- com.pizza.qa.testcases.AvailablePanPizzaDetailsPageTest -->
