<?xml version="1.0" encoding="UTF-8"?>
<!-- Generated by org.testng.reporters.JUnitReportReporter -->
<testsuite hostname="DESKTOP-PPLOR3I" failures="0" tests="4" name="com.pizza.qa.testcases.YourcartPageTest" time="57.807" errors="0" timestamp="2020-10-06T14:12:58 IST" skipped="0">
  <testcase classname="com.pizza.qa.testcases.YourcartPageTest" name="verifyYourcartPageTitleTest" time="13.278"/>
  <system-out/>
  <testcase classname="com.pizza.qa.testcases.YourcartPageTest" name="verifyUserSelectionTest" time="13.285"/>
  <system-out/>
  <testcase classname="com.pizza.qa.testcases.YourcartPageTest" name="verifyPriceonSeletionBtnTest" time="16.295"/>
  <system-out/>
  <testcase classname="com.pizza.qa.testcases.YourcartPageTest" name="verifyPizzaTabSeletionTest" time="14.949"/>
  <system-out/>
</testsuite> <!-- com.pizza.qa.testcases.YourcartPageTest -->
