<?xml version="1.0" encoding="UTF-8"?>
<!-- Generated by org.testng.reporters.JUnitReportReporter -->
<testsuite hostname="DESKTOP-PPLOR3I" failures="0" tests="2" name="com.pizza.qa.testcases.SelectpizzaPageTest" time="28.245" errors="0" timestamp="29 Sep 2020 12:12:04 GMT" skipped="0">
  <testcase classname="com.pizza.qa.testcases.SelectpizzaPageTest" name="verifySelectPizzaPageTitleTest" time="14.253"/>
  <testcase classname="com.pizza.qa.testcases.SelectpizzaPageTest" name="verifySelectPizzaBtnTest" time="13.992"/>
</testsuite> <!-- com.pizza.qa.testcases.SelectpizzaPageTest -->
